0 info it worked if it ends with ok
1 verbose cli [ 'node', '/usr/local/bin/npm', 'update', '-g', 'ionic' ]
2 info using npm@1.4.14
3 info using node@v0.10.29
4 verbose url raw ionic
5 verbose url resolving [ 'https://registry.npmjs.org/', './ionic' ]
6 verbose url resolved https://registry.npmjs.org/ionic
7 info trying registry request attempt 1 at 10:20:56
8 verbose etag "BEE0I3EGJA6NNA32UGISGMW10"
9 http GET https://registry.npmjs.org/ionic
10 http 304 https://registry.npmjs.org/ionic
11 silly registry.get cb [ 304,
11 silly registry.get   { date: 'Fri, 17 Oct 2014 15:20:56 GMT',
11 silly registry.get     server: 'Apache',
11 silly registry.get     via: '1.1 varnish',
11 silly registry.get     'last-modified': 'Fri, 17 Oct 2014 15:20:56 GMT',
11 silly registry.get     'cache-control': 'max-age=60',
11 silly registry.get     etag: '"BEE0I3EGJA6NNA32UGISGMW10"',
11 silly registry.get     age: '23',
11 silly registry.get     'x-served-by': 'cache-iad2129-IAD',
11 silly registry.get     'x-cache': 'HIT',
11 silly registry.get     'x-cache-hits': '1',
11 silly registry.get     'x-timer': 'S1413559256.650137,VS0,VE1',
11 silly registry.get     vary: 'Accept',
11 silly registry.get     'content-length': '0',
11 silly registry.get     'keep-alive': 'timeout=10, max=50',
11 silly registry.get     connection: 'Keep-Alive' } ]
12 verbose etag ionic from cache
13 info outdated updating [ [ '/usr/local/lib', 'ionic', '1.2.7', '1.2.8', '1.2.8', '*' ] ]
14 verbose install where,what [ '/usr/local/lib', [ 'ionic@1.2.8' ] ]
15 verbose cache add [ 'ionic@1.2.8', null ]
16 verbose cache add name=undefined spec="ionic@1.2.8" args=["ionic@1.2.8",null]
17 verbose parsed url { protocol: null,
17 verbose parsed url   slashes: null,
17 verbose parsed url   auth: null,
17 verbose parsed url   host: null,
17 verbose parsed url   port: null,
17 verbose parsed url   hostname: null,
17 verbose parsed url   hash: null,
17 verbose parsed url   search: null,
17 verbose parsed url   query: null,
17 verbose parsed url   pathname: 'ionic@1.2.8',
17 verbose parsed url   path: 'ionic@1.2.8',
17 verbose parsed url   href: 'ionic@1.2.8' }
18 verbose cache add name="ionic" spec="1.2.8" args=["ionic","1.2.8"]
19 verbose parsed url { protocol: null,
19 verbose parsed url   slashes: null,
19 verbose parsed url   auth: null,
19 verbose parsed url   host: null,
19 verbose parsed url   port: null,
19 verbose parsed url   hostname: null,
19 verbose parsed url   hash: null,
19 verbose parsed url   search: null,
19 verbose parsed url   query: null,
19 verbose parsed url   pathname: '1.2.8',
19 verbose parsed url   path: '1.2.8',
19 verbose parsed url   href: '1.2.8' }
20 verbose addNamed [ 'ionic', '1.2.8' ]
21 verbose addNamed [ '1.2.8', '1.2.8' ]
22 silly lockFile 74ce95ae-ionic-1-2-8 ionic@1.2.8
23 verbose lock ionic@1.2.8 /Users/PlaceFields/.npm/74ce95ae-ionic-1-2-8.lock
24 verbose registry.get ionic not expired, no request
25 silly lockFile 65c480ba--npmjs-org-ionic-ionic-1-2-8-tgz https://registry.npmjs.org/ionic/-/ionic-1.2.8.tgz
26 verbose lock https://registry.npmjs.org/ionic/-/ionic-1.2.8.tgz /Users/PlaceFields/.npm/65c480ba--npmjs-org-ionic-ionic-1-2-8-tgz.lock
27 verbose addRemoteTarball [ 'https://registry.npmjs.org/ionic/-/ionic-1.2.8.tgz',
27 verbose addRemoteTarball   'b7087e0ba85f358934fa6546a351e966afa771a3' ]
28 info retry fetch attempt 1 at 10:21:03
29 verbose fetch to= /var/folders/47/dzhy1fps1lbd76wlxg3g813w0000gn/T/npm-6459-PHzpW0ZJ/registry.npmjs.org/ionic/-/ionic-1.2.8.tgz
30 http GET https://registry.npmjs.org/ionic/-/ionic-1.2.8.tgz
31 http 200 https://registry.npmjs.org/ionic/-/ionic-1.2.8.tgz
32 silly lockFile 65c480ba--npmjs-org-ionic-ionic-1-2-8-tgz https://registry.npmjs.org/ionic/-/ionic-1.2.8.tgz
33 silly lockFile 65c480ba--npmjs-org-ionic-ionic-1-2-8-tgz https://registry.npmjs.org/ionic/-/ionic-1.2.8.tgz
34 silly lockFile 74ce95ae-ionic-1-2-8 ionic@1.2.8
35 silly lockFile 74ce95ae-ionic-1-2-8 ionic@1.2.8
36 silly resolved [ { name: 'ionic',
36 silly resolved     version: '1.2.8',
36 silly resolved     preferGlobal: true,
36 silly resolved     description: 'A tool for creating and developing Ionic Framework mobile apps.',
36 silly resolved     homepage: 'http://ionicframework.com/',
36 silly resolved     bin: { ionic: 'bin/ionic' },
36 silly resolved     keywords:
36 silly resolved      [ 'ionic',
36 silly resolved        'ionic framework',
36 silly resolved        'ionicframework',
36 silly resolved        'mobile',
36 silly resolved        'app',
36 silly resolved        'hybrid',
36 silly resolved        'cordova',
36 silly resolved        'phonegap' ],
36 silly resolved     repository:
36 silly resolved      { type: 'git',
36 silly resolved        url: 'https://github.com/driftyco/ionic-cli.git' },
36 silly resolved     contributors: [ [Object], [Object], [Object] ],
36 silly resolved     license: 'MIT',
36 silly resolved     dependencies:
36 silly resolved      { archiver: '0.5.1',
36 silly resolved        colors: '0.6.2',
36 silly resolved        connect: '3.1.1',
36 silly resolved        'cross-spawn': '0.2.3',
36 silly resolved        'connect-livereload': '0.4.0',
36 silly resolved        'event-stream': '3.0.x',
36 silly resolved        finalhandler: '0.2.0',
36 silly resolved        'form-data': '0.1.4',
36 silly resolved        ncp: '0.4.2',
36 silly resolved        npm: '2.1.3',
36 silly resolved        open: '0.0.5',
36 silly resolved        optimist: '0.6.0',
36 silly resolved        prompt: '0.2.12',
36 silly resolved        progress: '1.1.7',
36 silly resolved        q: '1.0.1',
36 silly resolved        request: '2.27.0',
36 silly resolved        'serve-static': '1.6.1',
36 silly resolved        shelljs: '0.2.6',
36 silly resolved        'tiny-lr-fork': '0.0.5',
36 silly resolved        unzip: '0.1.9',
36 silly resolved        'vinyl-fs': '0.3.7',
36 silly resolved        xml2js: '0.4.4' },
36 silly resolved     bugs: { url: 'https://github.com/driftyco/ionic-cli/issues' },
36 silly resolved     _id: 'ionic@1.2.8',
36 silly resolved     dist:
36 silly resolved      { shasum: 'b7087e0ba85f358934fa6546a351e966afa771a3',
36 silly resolved        tarball: 'http://registry.npmjs.org/ionic/-/ionic-1.2.8.tgz' },
36 silly resolved     _from: 'ionic@1.2.8',
36 silly resolved     _npmVersion: '1.4.4',
36 silly resolved     _npmUser: { name: 'drifty', email: 'max@drifty.com' },
36 silly resolved     maintainers: [ [Object] ],
36 silly resolved     directories: {},
36 silly resolved     _shasum: 'b7087e0ba85f358934fa6546a351e966afa771a3',
36 silly resolved     _resolved: 'https://registry.npmjs.org/ionic/-/ionic-1.2.8.tgz' } ]
37 info install ionic@1.2.8 into /usr/local/lib
38 info installOne ionic@1.2.8
39 info /usr/local/lib/node_modules/ionic unbuild
40 info preuninstall ionic@1.2.7
41 info uninstall ionic@1.2.7
42 verbose true,/usr/local/lib/node_modules,/usr/local/lib/node_modules unbuild ionic@1.2.7
43 verbose /usr/local/bin,[object Object] binRoot
44 info postuninstall ionic@1.2.7
45 info /usr/local/lib/node_modules/ionic unbuild
46 info preuninstall ionic@1.2.7
47 info uninstall ionic@1.2.7
48 verbose true,/usr/local/lib/node_modules,/usr/local/lib/node_modules unbuild ionic@1.2.7
49 verbose /usr/local/bin,[object Object] binRoot
50 info postuninstall ionic@1.2.7
51 error error rolling back Error: EACCES, unlink '/usr/local/lib/node_modules/ionic'
51 error error rolling back  ionic@1.2.8 { [Error: EACCES, unlink '/usr/local/lib/node_modules/ionic']
51 error error rolling back   errno: 3,
51 error error rolling back   code: 'EACCES',
51 error error rolling back   path: '/usr/local/lib/node_modules/ionic' }
52 error Error: EACCES, unlink '/usr/local/lib/node_modules/ionic'
52 error  { [Error: EACCES, unlink '/usr/local/lib/node_modules/ionic']
52 error   errno: 3,
52 error   code: 'EACCES',
52 error   path: '/usr/local/lib/node_modules/ionic' }
53 error Please try running this command again as root/Administrator.
54 error System Darwin 14.0.0
55 error command "node" "/usr/local/bin/npm" "update" "-g" "ionic"
56 error cwd /Users/PlaceFields/Documents/code/Golf-Awsum
57 error node -v v0.10.29
58 error npm -v 1.4.14
59 error path /usr/local/lib/node_modules/ionic
60 error code EACCES
61 error errno 3
62 error stack Error: EACCES, unlink '/usr/local/lib/node_modules/ionic'
63 verbose exit [ 3, true ]
